<?xml version="1.0" encoding="UTF-8"?>
<testsuite xmlns:xsi="http://www.w3.org/2001/XMLSchema-instance" xsi:noNamespaceSchemaLocation="https://maven.apache.org/surefire/maven-surefire-plugin/xsd/surefire-test-report-3.0.xsd" version="3.0" name="test.java.test.MathNodeTest" time="0.186" tests="5" errors="0" skipped="0" failures="0">
  <properties>
[...]
</properties>
  <testcase name="testAdd" classname="test.java.test.MathNodeTest" time="0.094"/>
  <testcase name="testDiv" classname="test.java.test.MathNodeTest" time="0.002"/>
  <testcase name="testPow" classname="test.java.test.MathNodeTest" time="0.003"/>
  <testcase name="testSub" classname="test.java.test.MathNodeTest" time="0.003"/>
  <testcase name="testMult" classname="test.java.test.MathNodeTest" time="0.002"/>
</testsuite>